::1 - - [06/Dec/2025 15:18:55] "GET / HTTP/1.1" 200 -
::1 - - [06/Dec/2025 15:18:55] "GET /style.css?v=5 HTTP/1.1" 200 -
::1 - - [06/Dec/2025 15:18:55] "GET /app.js?v=4 HTTP/1.1" 304 -
::1 - - [06/Dec/2025 15:19:47] "GET / HTTP/1.1" 200 -
::1 - - [06/Dec/2025 15:19:47] "GET /style.css?v=5 HTTP/1.1" 304 -
::1 - - [06/Dec/2025 15:19:47] "GET /app.js?v=4 HTTP/1.1" 200 -
::1 - - [06/Dec/2025 15:20:12] "GET / HTTP/1.1" 304 -
::1 - - [06/Dec/2025 15:20:12] "GET /app.js?v=4 HTTP/1.1" 304 -
::1 - - [06/Dec/2025 15:20:12] "GET /style.css?v=5 HTTP/1.1" 304 -
::1 - - [06/Dec/2025 15:20:39] "GET / HTTP/1.1" 304 -
::1 - - [06/Dec/2025 15:20:39] "GET /style.css?v=5 HTTP/1.1" 304 -
::1 - - [06/Dec/2025 15:20:39] "GET /app.js?v=4 HTTP/1.1" 304 -
::1 - - [06/Dec/2025 15:20:58] "GET / HTTP/1.1" 304 -
::1 - - [06/Dec/2025 15:20:58] "GET /style.css?v=5 HTTP/1.1" 304 -
::1 - - [06/Dec/2025 15:20:58] "GET /app.js?v=4 HTTP/1.1" 304 -
::1 - - [06/Dec/2025 15:27:17] "GET / HTTP/1.1" 304 -
::1 - - [06/Dec/2025 15:27:17] "GET /style.css?v=5 HTTP/1.1" 304 -
::1 - - [06/Dec/2025 15:27:17] "GET /app.js?v=4 HTTP/1.1" 200 -
::1 - - [06/Dec/2025 15:29:07] "GET / HTTP/1.1" 304 -
::1 - - [06/Dec/2025 15:29:07] "GET /style.css?v=5 HTTP/1.1" 304 -
::1 - - [06/Dec/2025 15:29:07] "GET /app.js?v=4 HTTP/1.1" 304 -
::1 - - [06/Dec/2025 15:30:00] "GET /? HTTP/1.1" 200 -
::1 - - [06/Dec/2025 15:30:00] "GET /app.js?v=4 HTTP/1.1" 304 -
::1 - - [06/Dec/2025 15:32:23] "GET /? HTTP/1.1" 304 -
::1 - - [06/Dec/2025 15:32:23] "GET /style.css?v=5 HTTP/1.1" 304 -
::1 - - [06/Dec/2025 15:32:23] "GET /app.js?v=4 HTTP/1.1" 304 -
::1 - - [06/Dec/2025 15:35:57] "GET /? HTTP/1.1" 304 -
::1 - - [06/Dec/2025 15:35:57] "GET /style.css?v=5 HTTP/1.1" 304 -
::1 - - [06/Dec/2025 15:35:57] "GET /app.js?v=4 HTTP/1.1" 304 -
::1 - - [06/Dec/2025 15:36:42] "GET /? HTTP/1.1" 304 -
::1 - - [06/Dec/2025 15:40:25] "GET /? HTTP/1.1" 304 -
::1 - - [06/Dec/2025 15:40:25] "GET /style.css?v=5 HTTP/1.1" 304 -
::1 - - [06/Dec/2025 15:40:25] "GET /app.js?v=4 HTTP/1.1" 200 -
::1 - - [06/Dec/2025 15:42:05] "GET / HTTP/1.1" 304 -
::1 - - [06/Dec/2025 15:42:05] "GET /app.js?v=4 HTTP/1.1" 200 -
::1 - - [06/Dec/2025 15:42:29] "GET /app.js?v=4 HTTP/1.1" 304 -
::1 - - [06/Dec/2025 15:43:02] "GET /app.js?v=4 HTTP/1.1" 304 -
::1 - - [06/Dec/2025 15:43:02] "GET /style.css?v=5 HTTP/1.1" 304 -
::1 - - [06/Dec/2025 15:43:45] "GET /app.js?v=4 HTTP/1.1" 304 -
::1 - - [06/Dec/2025 15:44:33] "GET / HTTP/1.1" 304 -
::1 - - [06/Dec/2025 15:44:33] "GET /app.js?v=4 HTTP/1.1" 304 -
::1 - - [06/Dec/2025 15:46:34] "GET / HTTP/1.1" 304 -
::1 - - [06/Dec/2025 15:46:34] "GET /app.js?v=4 HTTP/1.1" 304 -
::1 - - [06/Dec/2025 15:46:34] "GET /style.css?v=5 HTTP/1.1" 304 -
::1 - - [06/Dec/2025 15:46:55] code 404, message File not found
::1 - - [06/Dec/2025 15:46:55] "GET /.well-known/appspecific/com.chrome.devtools.json HTTP/1.1" 404 -
::1 - - [06/Dec/2025 15:48:47] "GET / HTTP/1.1" 304 -
::1 - - [06/Dec/2025 15:48:47] code 404, message File not found
::1 - - [06/Dec/2025 15:48:47] "GET /.well-known/appspecific/com.chrome.devtools.json HTTP/1.1" 404 -
::1 - - [06/Dec/2025 15:48:47] "GET /app.js?v=4 HTTP/1.1" 200 -
::1 - - [06/Dec/2025 15:48:50] "GET / HTTP/1.1" 304 -
::1 - - [06/Dec/2025 15:48:50] code 404, message File not found
::1 - - [06/Dec/2025 15:48:50] "GET /.well-known/appspecific/com.chrome.devtools.json HTTP/1.1" 404 -
::1 - - [06/Dec/2025 15:48:50] "GET /app.js?v=4 HTTP/1.1" 304 -
::1 - - [06/Dec/2025 15:48:51] "GET / HTTP/1.1" 304 -
::1 - - [06/Dec/2025 15:48:51] code 404, message File not found
::1 - - [06/Dec/2025 15:48:51] "GET /.well-known/appspecific/com.chrome.devtools.json HTTP/1.1" 404 -
::1 - - [06/Dec/2025 15:49:39] "GET / HTTP/1.1" 304 -
::1 - - [06/Dec/2025 15:49:39] code 404, message File not found
::1 - - [06/Dec/2025 15:49:39] "GET /.well-known/appspecific/com.chrome.devtools.json HTTP/1.1" 404 -
::1 - - [06/Dec/2025 15:49:39] "GET /style.css?v=5 HTTP/1.1" 304 -
::1 - - [06/Dec/2025 15:49:39] "GET /app.js?v=4 HTTP/1.1" 200 -
::1 - - [06/Dec/2025 15:50:05] "GET / HTTP/1.1" 304 -
::1 - - [06/Dec/2025 15:50:05] code 404, message File not found
::1 - - [06/Dec/2025 15:50:05] "GET /.well-known/appspecific/com.chrome.devtools.json HTTP/1.1" 404 -
::1 - - [06/Dec/2025 15:50:05] "GET /app.js?v=4 HTTP/1.1" 304 -
::1 - - [06/Dec/2025 15:50:07] "GET / HTTP/1.1" 304 -
::1 - - [06/Dec/2025 15:50:07] code 404, message File not found
::1 - - [06/Dec/2025 15:50:07] "GET /.well-known/appspecific/com.chrome.devtools.json HTTP/1.1" 404 -
::1 - - [06/Dec/2025 15:50:23] "GET /app.js?v=4 HTTP/1.1" 304 -
::1 - - [06/Dec/2025 15:50:59] code 404, message File not found
::1 - - [06/Dec/2025 15:50:59] "GET /metrics/learning_stats HTTP/1.1" 404 -
::1 - - [06/Dec/2025 15:50:59] code 404, message File not found
::1 - - [06/Dec/2025 15:50:59] "GET /knowledge/recent HTTP/1.1" 404 -
::1 - - [06/Dec/2025 15:51:55] "GET / HTTP/1.1" 304 -
::1 - - [06/Dec/2025 15:51:55] "GET /app.js?v=4 HTTP/1.1" 304 -
::1 - - [06/Dec/2025 15:53:02] "GET /app.js?v=4 HTTP/1.1" 304 -
::1 - - [06/Dec/2025 15:53:02] "GET /style.css?v=5 HTTP/1.1" 200 -
::1 - - [06/Dec/2025 15:55:59] "GET / HTTP/1.1" 304 -
::1 - - [06/Dec/2025 15:55:59] "GET /style.css?v=5 HTTP/1.1" 304 -
::1 - - [06/Dec/2025 15:55:59] "GET /app.js?v=4 HTTP/1.1" 304 -
::1 - - [06/Dec/2025 15:57:46] "GET / HTTP/1.1" 304 -
::1 - - [06/Dec/2025 15:57:46] "GET /app.js?v=4 HTTP/1.1" 304 -
::1 - - [06/Dec/2025 15:57:46] "GET /style.css?v=5 HTTP/1.1" 304 -
::1 - - [06/Dec/2025 16:01:00] "GET / HTTP/1.1" 304 -
::1 - - [06/Dec/2025 16:01:00] "GET /app.js?v=4 HTTP/1.1" 200 -
::1 - - [06/Dec/2025 16:01:00] "GET /style.css?v=5 HTTP/1.1" 304 -
::1 - - [06/Dec/2025 16:09:01] "GET / HTTP/1.1" 304 -
::1 - - [06/Dec/2025 16:09:01] "GET /app.js?v=4 HTTP/1.1" 200 -
::1 - - [06/Dec/2025 16:09:01] "GET /style.css?v=5 HTTP/1.1" 304 -
::1 - - [06/Dec/2025 16:09:02] "GET / HTTP/1.1" 304 -
::1 - - [06/Dec/2025 16:10:49] "GET /app.js?v=4 HTTP/1.1" 200 -
::1 - - [06/Dec/2025 16:10:49] "GET /style.css?v=5 HTTP/1.1" 304 -
::1 - - [06/Dec/2025 16:14:44] "GET / HTTP/1.1" 304 -
::1 - - [06/Dec/2025 16:14:44] "GET /app.js?v=4 HTTP/1.1" 304 -
::1 - - [06/Dec/2025 16:14:44] "GET /style.css?v=5 HTTP/1.1" 304 -
::1 - - [06/Dec/2025 16:20:28] "GET / HTTP/1.1" 304 -
::1 - - [06/Dec/2025 16:20:28] "GET /app.js?v=4 HTTP/1.1" 200 -
::1 - - [06/Dec/2025 16:20:28] "GET /style.css?v=5 HTTP/1.1" 304 -
::1 - - [06/Dec/2025 16:21:09] "GET /app.js?v=4 HTTP/1.1" 200 -
::1 - - [06/Dec/2025 16:33:34] "GET / HTTP/1.1" 304 -
::1 - - [06/Dec/2025 16:33:34] "GET /app.js?v=4 HTTP/1.1" 304 -
::1 - - [06/Dec/2025 16:33:34] "GET /style.css?v=5 HTTP/1.1" 200 -
::1 - - [06/Dec/2025 16:33:48] "GET / HTTP/1.1" 304 -
::1 - - [06/Dec/2025 16:34:06] "GET / HTTP/1.1" 304 -
::1 - - [06/Dec/2025 16:36:16] "GET / HTTP/1.1" 304 -
::1 - - [06/Dec/2025 16:36:16] "GET /style.css?v=5 HTTP/1.1" 200 -
::1 - - [06/Dec/2025 16:36:16] "GET /app.js?v=4 HTTP/1.1" 304 -
::1 - - [06/Dec/2025 16:45:16] "GET / HTTP/1.1" 304 -
::1 - - [06/Dec/2025 16:45:16] "GET /app.js?v=4 HTTP/1.1" 200 -
::1 - - [06/Dec/2025 16:45:16] "GET /style.css?v=5 HTTP/1.1" 304 -
::1 - - [06/Dec/2025 16:45:47] "GET / HTTP/1.1" 304 -
::1 - - [06/Dec/2025 16:49:04] "GET / HTTP/1.1" 304 -
::1 - - [06/Dec/2025 16:49:04] "GET /app.js?v=4 HTTP/1.1" 200 -
::1 - - [06/Dec/2025 16:49:04] "GET /style.css?v=5 HTTP/1.1" 304 -
::1 - - [06/Dec/2025 17:01:50] "GET / HTTP/1.1" 304 -
::1 - - [06/Dec/2025 17:01:50] "GET /style.css?v=5 HTTP/1.1" 304 -
::1 - - [06/Dec/2025 17:01:50] "GET /app.js?v=4 HTTP/1.1" 200 -
::1 - - [06/Dec/2025 17:03:11] "GET / HTTP/1.1" 304 -
::1 - - [06/Dec/2025 17:03:11] "GET /app.js?v=4 HTTP/1.1" 200 -
::1 - - [06/Dec/2025 17:04:10] "GET / HTTP/1.1" 304 -
::1 - - [06/Dec/2025 17:04:11] "GET /app.js?v=4 HTTP/1.1" 304 -
::1 - - [06/Dec/2025 17:05:29] "GET / HTTP/1.1" 304 -
::1 - - [06/Dec/2025 17:05:29] "GET /app.js?v=4 HTTP/1.1" 200 -
::1 - - [06/Dec/2025 17:05:29] "GET /style.css?v=5 HTTP/1.1" 304 -
::1 - - [06/Dec/2025 17:05:45] "GET / HTTP/1.1" 304 -
::1 - - [06/Dec/2025 17:05:45] "GET /app.js?v=4 HTTP/1.1" 304 -
::1 - - [06/Dec/2025 17:06:01] code 404, message File not found
::1 - - [06/Dec/2025 17:06:01] "GET /.well-known/appspecific/com.chrome.devtools.json HTTP/1.1" 404 -
::1 - - [06/Dec/2025 17:06:56] "GET / HTTP/1.1" 304 -
::1 - - [06/Dec/2025 17:06:56] code 404, message File not found
::1 - - [06/Dec/2025 17:06:56] "GET /.well-known/appspecific/com.chrome.devtools.json HTTP/1.1" 404 -
::1 - - [06/Dec/2025 17:06:56] "GET /app.js?v=4 HTTP/1.1" 304 -
::1 - - [06/Dec/2025 17:09:21] "GET / HTTP/1.1" 304 -
::1 - - [06/Dec/2025 17:09:21] "GET /app.js?v=4 HTTP/1.1" 200 -
::1 - - [06/Dec/2025 17:09:21] "GET /style.css?v=5 HTTP/1.1" 304 -
::1 - - [06/Dec/2025 17:09:29] code 404, message File not found
::1 - - [06/Dec/2025 17:09:29] "GET /.well-known/appspecific/com.chrome.devtools.json HTTP/1.1" 404 -
::1 - - [06/Dec/2025 17:09:42] "GET / HTTP/1.1" 304 -
::1 - - [06/Dec/2025 17:09:42] "GET /app.js?v=4 HTTP/1.1" 304 -
::1 - - [06/Dec/2025 17:09:48] code 404, message File not found
::1 - - [06/Dec/2025 17:09:48] "GET /.well-known/appspecific/com.chrome.devtools.json HTTP/1.1" 404 -
::1 - - [06/Dec/2025 17:10:19] "GET / HTTP/1.1" 304 -
::1 - - [06/Dec/2025 17:10:19] code 404, message File not found
::1 - - [06/Dec/2025 17:10:19] "GET /.well-known/appspecific/com.chrome.devtools.json HTTP/1.1" 404 -
::1 - - [06/Dec/2025 17:10:19] "GET /app.js?v=4 HTTP/1.1" 304 -
::1 - - [06/Dec/2025 17:10:32] code 404, message File not found
::1 - - [06/Dec/2025 17:10:32] "GET /.well-known/appspecific/com.chrome.devtools.json HTTP/1.1" 404 -
::1 - - [06/Dec/2025 17:10:41] code 404, message File not found
::1 - - [06/Dec/2025 17:10:41] "GET /.well-known/appspecific/com.chrome.devtools.json HTTP/1.1" 404 -
::1 - - [06/Dec/2025 17:13:43] "GET / HTTP/1.1" 304 -
::1 - - [06/Dec/2025 17:13:43] "GET /app.js?v=4 HTTP/1.1" 200 -
::1 - - [06/Dec/2025 17:13:43] "GET /style.css?v=5 HTTP/1.1" 304 -
::1 - - [06/Dec/2025 17:13:49] code 404, message File not found
::1 - - [06/Dec/2025 17:13:49] "GET /.well-known/appspecific/com.chrome.devtools.json HTTP/1.1" 404 -
::1 - - [06/Dec/2025 17:14:01] code 404, message File not found
::1 - - [06/Dec/2025 17:14:01] "GET /.well-known/appspecific/com.chrome.devtools.json HTTP/1.1" 404 -
::1 - - [06/Dec/2025 17:18:02] "GET / HTTP/1.1" 304 -
::1 - - [06/Dec/2025 17:18:02] code 404, message File not found
::1 - - [06/Dec/2025 17:18:02] "GET /.well-known/appspecific/com.chrome.devtools.json HTTP/1.1" 404 -
::1 - - [06/Dec/2025 17:18:02] "GET /style.css?v=5 HTTP/1.1" 304 -
::1 - - [06/Dec/2025 17:18:02] "GET /app.js?v=4 HTTP/1.1" 200 -
::1 - - [06/Dec/2025 17:36:58] "GET / HTTP/1.1" 304 -
::1 - - [06/Dec/2025 17:36:58] code 404, message File not found
::1 - - [06/Dec/2025 17:36:58] "GET /.well-known/appspecific/com.chrome.devtools.json HTTP/1.1" 404 -
::1 - - [06/Dec/2025 17:36:58] "GET /style.css?v=5 HTTP/1.1" 304 -
::1 - - [06/Dec/2025 17:36:58] "GET /app.js?v=4 HTTP/1.1" 200 -
::1 - - [06/Dec/2025 17:37:10] "GET / HTTP/1.1" 304 -
::1 - - [06/Dec/2025 17:37:10] code 404, message File not found
::1 - - [06/Dec/2025 17:37:10] "GET /.well-known/appspecific/com.chrome.devtools.json HTTP/1.1" 404 -
::1 - - [06/Dec/2025 17:38:14] "GET / HTTP/1.1" 304 -
::1 - - [06/Dec/2025 17:38:14] code 404, message File not found
::1 - - [06/Dec/2025 17:38:14] "GET /.well-known/appspecific/com.chrome.devtools.json HTTP/1.1" 404 -
::1 - - [06/Dec/2025 17:38:58] "GET / HTTP/1.1" 304 -
::1 - - [06/Dec/2025 17:38:58] code 404, message File not found
::1 - - [06/Dec/2025 17:38:58] "GET /.well-known/appspecific/com.chrome.devtools.json HTTP/1.1" 404 -
::1 - - [06/Dec/2025 17:38:58] "GET /app.js?v=4 HTTP/1.1" 304 -
::1 - - [06/Dec/2025 17:44:04] "GET / HTTP/1.1" 304 -
::1 - - [06/Dec/2025 17:44:04] "GET /style.css?v=5 HTTP/1.1" 200 -
::1 - - [06/Dec/2025 17:44:04] "GET /app.js?v=4 HTTP/1.1" 304 -
::1 - - [06/Dec/2025 17:46:44] "GET / HTTP/1.1" 304 -
::1 - - [06/Dec/2025 17:46:44] "GET /app.js?v=4 HTTP/1.1" 304 -
::1 - - [06/Dec/2025 17:46:44] "GET /style.css?v=5 HTTP/1.1" 304 -
::1 - - [06/Dec/2025 17:49:29] "GET / HTTP/1.1" 304 -
::1 - - [06/Dec/2025 17:49:29] "GET /style.css?v=5 HTTP/1.1" 304 -
::1 - - [06/Dec/2025 17:53:18] "GET / HTTP/1.1" 304 -
::1 - - [06/Dec/2025 17:53:18] "GET /style.css?v=5 HTTP/1.1" 304 -
::1 - - [06/Dec/2025 17:53:18] "GET /app.js?v=4 HTTP/1.1" 200 -
::1 - - [06/Dec/2025 17:53:39] "GET / HTTP/1.1" 304 -
::1 - - [06/Dec/2025 17:53:39] "GET /app.js?v=4 HTTP/1.1" 304 -
::1 - - [06/Dec/2025 17:55:09] "GET / HTTP/1.1" 304 -
::1 - - [06/Dec/2025 17:55:09] "GET /app.js?v=4 HTTP/1.1" 304 -
::1 - - [06/Dec/2025 17:55:09] "GET /style.css?v=5 HTTP/1.1" 304 -
::1 - - [06/Dec/2025 17:58:51] "GET / HTTP/1.1" 304 -
::1 - - [06/Dec/2025 17:58:51] "GET /app.js?v=4 HTTP/1.1" 304 -
::1 - - [06/Dec/2025 17:58:51] "GET /style.css?v=5 HTTP/1.1" 304 -
::1 - - [06/Dec/2025 18:03:16] "GET / HTTP/1.1" 304 -
::1 - - [06/Dec/2025 18:03:16] "GET /app.js?v=4 HTTP/1.1" 200 -
::1 - - [06/Dec/2025 18:03:16] "GET /style.css?v=5 HTTP/1.1" 304 -
::1 - - [06/Dec/2025 18:03:25] code 404, message File not found
::1 - - [06/Dec/2025 18:03:25] "GET /.well-known/appspecific/com.chrome.devtools.json HTTP/1.1" 404 -
::1 - - [06/Dec/2025 18:06:01] "GET / HTTP/1.1" 304 -
::1 - - [06/Dec/2025 18:06:01] code 404, message File not found
::1 - - [06/Dec/2025 18:06:01] "GET /.well-known/appspecific/com.chrome.devtools.json HTTP/1.1" 404 -
::1 - - [06/Dec/2025 18:06:01] "GET /style.css?v=5 HTTP/1.1" 304 -
::1 - - [06/Dec/2025 18:06:01] "GET /app.js?v=4 HTTP/1.1" 304 -
::1 - - [06/Dec/2025 18:19:56] "GET / HTTP/1.1" 304 -
::1 - - [06/Dec/2025 18:19:56] "GET /app.js?v=4 HTTP/1.1" 200 -
::1 - - [06/Dec/2025 18:19:56] "GET /style.css?v=5 HTTP/1.1" 304 -
::1 - - [06/Dec/2025 18:19:56] code 404, message File not found
::1 - - [06/Dec/2025 18:19:56] "GET /.well-known/appspecific/com.chrome.devtools.json HTTP/1.1" 404 -
::1 - - [06/Dec/2025 18:31:48] "GET / HTTP/1.1" 200 -
::1 - - [06/Dec/2025 18:34:02] "GET / HTTP/1.1" 304 -
::1 - - [06/Dec/2025 18:34:02] "GET /style.css?v=5 HTTP/1.1" 200 -
::1 - - [06/Dec/2025 18:34:02] "GET /app.js?v=4 HTTP/1.1" 200 -
::1 - - [06/Dec/2025 18:34:02] code 404, message File not found
::1 - - [06/Dec/2025 18:34:02] "GET /.well-known/appspecific/com.chrome.devtools.json HTTP/1.1" 404 -
::1 - - [06/Dec/2025 18:37:03] "GET / HTTP/1.1" 304 -
::1 - - [06/Dec/2025 18:37:03] "GET /style.css?v=5 HTTP/1.1" 304 -
::1 - - [06/Dec/2025 18:37:03] "GET /app.js?v=4 HTTP/1.1" 200 -
::1 - - [06/Dec/2025 18:38:45] "GET / HTTP/1.1" 304 -
::1 - - [06/Dec/2025 18:38:45] "GET /app.js?v=4 HTTP/1.1" 200 -
::1 - - [06/Dec/2025 18:38:54] "GET /app.js?v=4 HTTP/1.1" 200 -
::1 - - [06/Dec/2025 18:43:21] "GET /app.js?v=4 HTTP/1.1" 304 -
::1 - - [06/Dec/2025 18:43:21] "GET /style.css?v=5 HTTP/1.1" 304 -
::1 - - [06/Dec/2025 18:47:44] "GET / HTTP/1.1" 304 -
::1 - - [06/Dec/2025 18:47:44] "GET /app.js?v=4 HTTP/1.1" 304 -
